#
# There is insufficient memory for the Java Runtime Environment to continue.
# Native memory allocation (malloc) failed to allocate 1817112 bytes. Error detail: Chunk::new
# Possible reasons:
#   The system is out of physical RAM or swap space
#   This process is running with CompressedOops enabled, and the Java Heap may be blocking the growth of the native heap
# Possible solutions:
#   Reduce memory load on the system
#   Increase physical memory or swap space
#   Check if swap backing store is full
#   Decrease Java heap size (-Xmx/-Xms)
#   Decrease number of Java threads
#   Decrease Java thread stack sizes (-Xss)
#   Set larger code cache with -XX:ReservedCodeCacheSize=
#   JVM is running with Unscaled Compressed Oops mode in which the Java heap is
#     placed in the first 4GB address space. The Java Heap base address is the
#     maximum limit for the native heap growth. Please use -XX:HeapBaseMinAddress
#     to set the Java Heap base and to place the Java Heap above 4GB virtual address.
# This output file may be truncated or incomplete.
#
#  Out of Memory Error (arena.cpp:186), pid=36372, tid=23660
#
# JRE version: Java(TM) SE Runtime Environment (25.0.1+8) (build 25.0.1+8-LTS-27)
# Java VM: Java HotSpot(TM) 64-Bit Server VM (25.0.1+8-LTS-27, mixed mode, sharing, tiered, compressed oops, compressed class ptrs, g1 gc, windows-amd64)
# No core dump will be written. Minidumps are not enabled by default on client versions of Windows
#

---------------  S U M M A R Y ------------

Command Line: C:\Users\ASUS\AppData\Local\Temp\surefire2506880522981395088\surefirebooter-20260206203107004_3.jar C:\Users\ASUS\AppData\Local\Temp\surefire2506880522981395088 2026-02-06T20-31-06_789-jvmRun1 surefire-20260206203107004_1tmp surefire_0-20260206203107004_2tmp

Host: 11th Gen Intel(R) Core(TM) i7-11800H @ 2.30GHz, 16 cores, 7G,  Windows 11 , 64 bit Build 26100 (10.0.26100.7623)
Time: Fri Feb  6 20:36:45 2026 Sri Lanka Standard Time elapsed time: 338.005769 seconds (0d 0h 5m 38s)

---------------  T H R E A D  ---------------

Current thread (0x000002377f79b360):  JavaThread "C2 CompilerThread0" daemon [_thread_in_native, id=23660, stack(0x000000d73a400000,0x000000d73a500000) (1024K)]


Current CompileTask:
C2:338006 6432   !   4       jdk.internal.net.http.HttpClientImpl::purgeTimeoutsAndReturnNextDeadline (326 bytes)

Stack: [0x000000d73a400000,0x000000d73a500000]
Native frames: (J=compiled Java code, j=interpreted, Vv=VM code, C=native code)
V  [jvm.dll+0x7a6b59]  (no source info available)
V  [jvm.dll+0x77290d]  (no source info available)
V  [jvm.dll+0x966153]  (no source info available)
V  [jvm.dll+0x968751]  (no source info available)
V  [jvm.dll+0x968e53]  (no source info available)
V  [jvm.dll+0x2fc756]  (no source info available)
V  [jvm.dll+0x111b26]  (no source info available)
V  [jvm.dll+0x111e4e]  (no source info available)
V  [jvm.dll+0x1a0a22]  (no source info available)
V  [jvm.dll+0x3b53c2]  (no source info available)
V  [jvm.dll+0x7ac4ef]  (no source info available)
V  [jvm.dll+0x2c0ac7]  (no source info available)
V  [jvm.dll+0x2bfa8f]  (no source info available)
V  [jvm.dll+0x237b60]  (no source info available)
V  [jvm.dll+0x2cfb56]  (no source info available)
V  [jvm.dll+0x2cddd5]  (no source info available)
V  [jvm.dll+0x48e6d1]  (no source info available)
V  [jvm.dll+0x906a0d]  (no source info available)
V  [jvm.dll+0x7a5135]  (no source info available)
C  [ucrtbase.dll+0x37b0]  (no source info available)
C  [KERNEL32.DLL+0x2e8d7]  (no source info available)
C  [ntdll.dll+0x8c53c]  (no source info available)

Lock stack of current Java thread (top to bottom):


---------------  P R O C E S S  ---------------

Threads class SMR info:
_java_thread_list=0x000002377fc4f460, length=63, elements={
0x000002376228c0d0, 0x000002377f790fd0, 0x000002377f7918f0, 0x000002377f793b60,
0x000002377f796730, 0x000002377f799460, 0x000002377f79d1b0, 0x000002377f79b360,
0x000002377f79bf80, 0x000002377fa665d0, 0x000002377fa7fb80, 0x00000237042a1e10,
0x00000237042aa5e0, 0x0000023705172180, 0x000002370520c420, 0x00000237052f4140,
0x00000237053304d0, 0x00000237053cb470, 0x000002370560cf70, 0x000002370560b030,
0x000002370560b800, 0x000002370560a090, 0x0000023704d03170, 0x00000237043a9cf0,
0x00000237043aac90, 0x00000237043a8d50, 0x00000237053ca4d0, 0x000002370560bfd0,
0x00000237052b3e30, 0x00000237052b7cb0, 0x00000237052b8480, 0x00000237052b4dd0,
0x0000023705708720, 0x000002370570b600, 0x000002370570c5a0, 0x00000237043a5e70,
0x00000237043a56a0, 0x000002370537cf40, 0x0000023705380dc0, 0x000002370537f650,
0x00000237043a7db0, 0x000002370560fe50, 0x000002370572c9e0, 0x000002370572b270,
0x0000023705732f70, 0x0000023705734eb0, 0x0000023705731800, 0x000002370572d980,
0x0000023705610df0, 0x00000237050026e0, 0x00000237050084a0, 0x00000237052b6540,
0x0000023704908440, 0x000002370490ab50, 0x000002370490b320, 0x000002370490f1a0,
0x0000023704913020, 0x00000237049137f0, 0x0000023705708ef0, 0x0000023705007500,
0x0000023705007cd0, 0x00000237052b74e0, 0x00000237049a5270
}

Java Threads: ( => current thread )
  0x000002376228c0d0 JavaThread "Forwarding getCurrentUrl on session 270e17372bff425a62fb19767e472ca8 to remote"        [_thread_blocked, id=31532, stack(0x000000d739600000,0x000000d739700000) (1024K)]
  0x000002377f790fd0 JavaThread "Reference Handler"          daemon [_thread_blocked, id=37476, stack(0x000000d739e00000,0x000000d739f00000) (1024K)]
  0x000002377f7918f0 JavaThread "Finalizer"                  daemon [_thread_blocked, id=42264, stack(0x000000d739f00000,0x000000d73a000000) (1024K)]
  0x000002377f793b60 JavaThread "Signal Dispatcher"          daemon [_thread_blocked, id=27188, stack(0x000000d73a000000,0x000000d73a100000) (1024K)]
  0x000002377f796730 JavaThread "Attach Listener"            daemon [_thread_blocked, id=45188, stack(0x000000d73a100000,0x000000d73a200000) (1024K)]
  0x000002377f799460 JavaThread "Service Thread"             daemon [_thread_blocked, id=29848, stack(0x000000d73a200000,0x000000d73a300000) (1024K)]
  0x000002377f79d1b0 JavaThread "Monitor Deflation Thread"   daemon [_thread_blocked, id=3948, stack(0x000000d73a300000,0x000000d73a400000) (1024K)]
=>0x000002377f79b360 JavaThread "C2 CompilerThread0"         daemon [_thread_in_native, id=23660, stack(0x000000d73a400000,0x000000d73a500000) (1024K)]
  0x000002377f79bf80 JavaThread "C1 CompilerThread0"         daemon [_thread_blocked, id=29428, stack(0x000000d73a500000,0x000000d73a600000) (1024K)]
  0x000002377fa665d0 JavaThread "Notification Thread"        daemon [_thread_blocked, id=49012, stack(0x000000d73a600000,0x000000d73a700000) (1024K)]
  0x000002377fa7fb80 JavaThread "Common-Cleaner"             daemon [_thread_blocked, id=49956, stack(0x000000d73a700000,0x000000d73a800000) (1024K)]
  0x00000237042a1e10 JavaThread "surefire-forkedjvm-stream-flusher" daemon [_thread_blocked, id=30340, stack(0x000000d73a800000,0x000000d73a900000) (1024K)]
  0x00000237042aa5e0 JavaThread "surefire-forkedjvm-command-thread" daemon [_thread_in_native, id=23936, stack(0x000000d73a900000,0x000000d73aa00000) (1024K)]
  0x0000023705172180 JavaThread "HttpClient-1-SelectorManager" daemon [_thread_in_native, id=45944, stack(0x000000d73b800000,0x000000d73b900000) (1024K)]
  0x000002370520c420 JavaThread "Thread-1"                          [_thread_in_native, id=43152, stack(0x000000d73b900000,0x000000d73ba00000) (1024K)]
  0x00000237052f4140 JavaThread "Driver Service Executor"    daemon [_thread_blocked, id=26872, stack(0x000000d73ba00000,0x000000d73bb00000) (1024K)]
  0x00000237053304d0 JavaThread "Driver Service Executor"    daemon [_thread_blocked, id=50540, stack(0x000000d73bb00000,0x000000d73bc00000) (1024K)]
  0x00000237053cb470 JavaThread "HttpClient-2-SelectorManager" daemon [_thread_in_native, id=51712, stack(0x000000d73c400000,0x000000d73c500000) (1024K)]
  0x000002370560cf70 JavaThread "HttpClient-3-SelectorManager" daemon [_thread_in_native, id=41524, stack(0x000000d73b100000,0x000000d73b200000) (1024K)]
  0x000002370560b030 JavaThread "Thread-4"                          [_thread_in_native, id=47384, stack(0x000000d73be00000,0x000000d73bf00000) (1024K)]
  0x000002370560b800 JavaThread "Driver Service Executor"    daemon [_thread_blocked, id=44648, stack(0x000000d73c800000,0x000000d73c900000) (1024K)]
  0x000002370560a090 JavaThread "Driver Service Executor"    daemon [_thread_blocked, id=27412, stack(0x000000d73c900000,0x000000d73ca00000) (1024K)]
  0x0000023704d03170 JavaThread "HttpClient-4-SelectorManager" daemon [_thread_in_native, id=37212, stack(0x000000d73cd00000,0x000000d73ce00000) (1024K)]
  0x00000237043a9cf0 JavaThread "HttpClient-5-SelectorManager" daemon [_thread_in_native, id=48528, stack(0x000000d73bc00000,0x000000d73bd00000) (1024K)]
  0x00000237043aac90 JavaThread "Thread-7"                          [_thread_in_native, id=52748, stack(0x000000d73c100000,0x000000d73c200000) (1024K)]
  0x00000237043a8d50 JavaThread "Driver Service Executor"    daemon [_thread_blocked, id=52752, stack(0x000000d73c200000,0x000000d73c300000) (1024K)]
  0x00000237053ca4d0 JavaThread "Driver Service Executor"    daemon [_thread_blocked, id=45908, stack(0x000000d73c300000,0x000000d73c400000) (1024K)]
  0x000002370560bfd0 JavaThread "HttpClient-6-SelectorManager" daemon [_thread_in_native, id=40664, stack(0x000000d739300000,0x000000d739400000) (1024K)]
  0x00000237052b3e30 JavaThread "HttpClient-7-SelectorManager" daemon [_thread_in_native, id=31760, stack(0x000000d73c600000,0x000000d73c700000) (1024K)]
  0x00000237052b7cb0 JavaThread "Thread-10"                         [_thread_in_native, id=30588, stack(0x000000d73d600000,0x000000d73d700000) (1024K)]
  0x00000237052b8480 JavaThread "Driver Service Executor"    daemon [_thread_blocked, id=6480, stack(0x000000d73d700000,0x000000d73d800000) (1024K)]
  0x00000237052b4dd0 JavaThread "Driver Service Executor"    daemon [_thread_blocked, id=44708, stack(0x000000d73d800000,0x000000d73d900000) (1024K)]
  0x0000023705708720 JavaThread "HttpClient-8-SelectorManager" daemon [_thread_in_native, id=53444, stack(0x000000d73dc00000,0x000000d73dd00000) (1024K)]
  0x000002370570b600 JavaThread "HttpClient-9-SelectorManager" daemon [_thread_in_native, id=43128, stack(0x000000d73ce00000,0x000000d73cf00000) (1024K)]
  0x000002370570c5a0 JavaThread "Thread-13"                         [_thread_in_native, id=51580, stack(0x000000d73cf00000,0x000000d73d000000) (1024K)]
  0x00000237043a5e70 JavaThread "Driver Service Executor"    daemon [_thread_blocked, id=50460, stack(0x000000d73d000000,0x000000d73d100000) (1024K)]
  0x00000237043a56a0 JavaThread "Driver Service Executor"    daemon [_thread_blocked, id=26084, stack(0x000000d73d900000,0x000000d73da00000) (1024K)]
  0x000002370537cf40 JavaThread "HttpClient-10-SelectorManager" daemon [_thread_in_native, id=54708, stack(0x000000d73e400000,0x000000d73e500000) (1024K)]
  0x0000023705380dc0 JavaThread "HttpClient-11-SelectorManager" daemon [_thread_in_native, id=46536, stack(0x000000d739500000,0x000000d739600000) (1024K)]
  0x000002370537f650 JavaThread "Thread-16"                         [_thread_in_native, id=53912, stack(0x000000d73ca00000,0x000000d73cb00000) (1024K)]
  0x00000237043a7db0 JavaThread "Driver Service Executor"    daemon [_thread_blocked, id=47184, stack(0x000000d73e100000,0x000000d73e200000) (1024K)]
  0x000002370560fe50 JavaThread "Driver Service Executor"    daemon [_thread_blocked, id=52108, stack(0x000000d73e900000,0x000000d73ea00000) (1024K)]
  0x000002370572c9e0 JavaThread "HttpClient-12-SelectorManager" daemon [_thread_in_native, id=56160, stack(0x000000d73ee00000,0x000000d73ef00000) (1024K)]
  0x000002370572b270 JavaThread "HttpClient-13-SelectorManager" daemon [_thread_in_native, id=55748, stack(0x000000d73cb00000,0x000000d73cc00000) (1024K)]
  0x0000023705732f70 JavaThread "Thread-19"                         [_thread_in_native, id=42988, stack(0x000000d73cc00000,0x000000d73cd00000) (1024K)]
  0x0000023705734eb0 JavaThread "Driver Service Executor"    daemon [_thread_blocked, id=52464, stack(0x000000d73d100000,0x000000d73d200000) (1024K)]
  0x0000023705731800 JavaThread "Driver Service Executor"    daemon [_thread_blocked, id=25080, stack(0x000000d73d200000,0x000000d73d300000) (1024K)]
  0x000002370572d980 JavaThread "HttpClient-14-SelectorManager" daemon [_thread_in_native, id=42636, stack(0x000000d739400000,0x000000d739500000) (1024K)]
  0x0000023705610df0 JavaThread "HttpClient-15-SelectorManager" daemon [_thread_in_native, id=56748, stack(0x000000d73f600000,0x000000d73f700000) (1024K)]
  0x00000237050026e0 JavaThread "Thread-22"                         [_thread_in_native, id=56760, stack(0x000000d73f700000,0x000000d73f800000) (1024K)]
  0x00000237050084a0 JavaThread "Driver Service Executor"    daemon [_thread_blocked, id=56764, stack(0x000000d73f800000,0x000000d73f900000) (1024K)]
  0x00000237052b6540 JavaThread "Driver Service Executor"    daemon [_thread_blocked, id=56768, stack(0x000000d73f900000,0x000000d73fa00000) (1024K)]
  0x0000023704908440 JavaThread "HttpClient-16-SelectorManager" daemon [_thread_in_native, id=56612, stack(0x000000d73c700000,0x000000d73c800000) (1024K)]
  0x000002370490ab50 JavaThread "HttpClient-17-SelectorManager" daemon [_thread_in_native, id=57340, stack(0x000000d73dd00000,0x000000d73de00000) (1024K)]
  0x000002370490b320 JavaThread "Thread-25"                         [_thread_in_native, id=57324, stack(0x000000d73de00000,0x000000d73df00000) (1024K)]
  0x000002370490f1a0 JavaThread "Driver Service Executor"    daemon [_thread_blocked, id=57248, stack(0x000000d73df00000,0x000000d73e000000) (1024K)]
  0x0000023704913020 JavaThread "Driver Service Executor"    daemon [_thread_blocked, id=20232, stack(0x000000d73ff00000,0x000000d740000000) (1024K)]
  0x00000237049137f0 JavaThread "HttpClient-18-SelectorManager" daemon [_thread_in_native, id=57820, stack(0x000000d740000000,0x000000d740100000) (1024K)]
  0x0000023705708ef0 JavaThread "HttpClient-19-SelectorManager" daemon [_thread_in_native, id=53128, stack(0x000000d73db00000,0x000000d73dc00000) (1024K)]
  0x0000023705007500 JavaThread "Thread-28"                         [_thread_in_native, id=53012, stack(0x000000d740700000,0x000000d740800000) (1024K)]
  0x0000023705007cd0 JavaThread "Driver Service Executor"    daemon [_thread_blocked, id=57604, stack(0x000000d740800000,0x000000d740900000) (1024K)]
  0x00000237052b74e0 JavaThread "Driver Service Executor"    daemon [_thread_blocked, id=57600, stack(0x000000d740900000,0x000000d740a00000) (1024K)]
  0x00000237049a5270 JavaThread "HttpClient-20-SelectorManager" daemon [_thread_in_native, id=58468, stack(0x000000d740d00000,0x000000d740e00000) (1024K)]
Total: 63

Other Threads:
  0x000002377f77e370 VMThread "VM Thread"                           [id=41748, stack(0x000000d739d00000,0x000000d739e00000) (1024K)]
  0x000002377f770da0 WatcherThread "VM Periodic Task Thread"        [id=42456, stack(0x000000d739c00000,0x000000d739d00000) (1024K)]
  0x00000237622e5560 WorkerThread "GC Thread#0"                     [id=48868, stack(0x000000d739700000,0x000000d739800000) (1024K)]
  0x0000023704dda7f0 WorkerThread "GC Thread#1"                     [id=50408, stack(0x000000d73aa00000,0x000000d73ab00000) (1024K)]
  0x0000023704ddb030 WorkerThread "GC Thread#2"                     [id=25664, stack(0x000000d73ab00000,0x000000d73ac00000) (1024K)]
  0x0000023704d49670 WorkerThread "GC Thread#3"                     [id=38804, stack(0x000000d73ac00000,0x000000d73ad00000) (1024K)]
  0x0000023704d49aa0 WorkerThread "GC Thread#4"                     [id=18116, stack(0x000000d73ad00000,0x000000d73ae00000) (1024K)]
  0x0000023704d49ed0 WorkerThread "GC Thread#5"                     [id=13948, stack(0x000000d73ae00000,0x000000d73af00000) (1024K)]
  0x00000237041fa3f0 WorkerThread "GC Thread#6"                     [id=46684, stack(0x000000d73af00000,0x000000d73b000000) (1024K)]
  0x00000237041f92b0 WorkerThread "GC Thread#7"                     [id=36052, stack(0x000000d73b000000,0x000000d73b100000) (1024K)]
  0x0000023704ec4a70 WorkerThread "GC Thread#8"                     [id=11780, stack(0x000000d73b300000,0x000000d73b400000) (1024K)]
  0x0000023704ec3d80 WorkerThread "GC Thread#9"                     [id=43344, stack(0x000000d73b400000,0x000000d73b500000) (1024K)]
  0x0000023704ec4620 WorkerThread "GC Thread#10"                    [id=21472, stack(0x000000d73b500000,0x000000d73b600000) (1024K)]
  0x0000023704ec23a0 WorkerThread "GC Thread#11"                    [id=42212, stack(0x000000d73b600000,0x000000d73b700000) (1024K)]
  0x0000023704ec5310 WorkerThread "GC Thread#12"                    [id=48596, stack(0x000000d73b700000,0x000000d73b800000) (1024K)]
  0x0000023762300c30 ConcurrentGCThread "G1 Main Marker"            [id=37828, stack(0x000000d739800000,0x000000d739900000) (1024K)]
  0x0000023762302420 WorkerThread "G1 Conc#0"                       [id=44504, stack(0x000000d739900000,0x000000d739a00000) (1024K)]
  0x0000023704ec16b0 WorkerThread "G1 Conc#1"                       [id=21156, stack(0x000000d73bf00000,0x000000d73c000000) (1024K)]
  0x0000023704ec5760 WorkerThread "G1 Conc#2"                       [id=29832, stack(0x000000d73c000000,0x000000d73c100000) (1024K)]
  0x000002377f63c340 ConcurrentGCThread "G1 Refine#0"               [id=16424, stack(0x000000d739a00000,0x000000d739b00000) (1024K)]
  0x000002377f63cc00 ConcurrentGCThread "G1 Service"                [id=15696, stack(0x000000d739b00000,0x000000d739c00000) (1024K)]
Total: 21

Threads with active compile tasks:
C2 CompilerThread0  338178 6432   !   4       jdk.internal.net.http.HttpClientImpl::purgeTimeoutsAndReturnNextDeadline (326 bytes)
Total: 1

VM state: not at safepoint (normal execution)

VM Mutex/Monitor currently owned by a thread: None

Heap address: 0x0000000084400000, size: 1980 MB, Compressed Oops mode: 32-bit

CDS archive(s) mapped at: [0x0000000006000000-0x0000000006dd0000-0x0000000006dd0000), size 14483456, SharedBaseAddress: 0x0000000006000000, ArchiveRelocationMode: 1.
Compressed class space mapped at: 0x0000000007000000-0x0000000047000000, reserved size: 1073741824
UseCompressedClassPointers 1, UseCompactObjectHeaders 0
Narrow klass pointer bits 32, Max shift 3
Narrow klass base: 0x0000000006000000, Narrow klass shift: 0
Encoding Range: [0x0000000006000000 - 0x0000000106000000), (4294967296 bytes)
Klass Range:    [0x0000000006010000 - 0x0000000047000000), (1090453504 bytes)
Klass ID Range:  [65536 - 1090519033) (1090453497)
Protection zone: [0x0000000006000000 - 0x0000000006010000), (65536 bytes)

GC Precious Log:
 CardTable entry size: 512
 Card Set container configuration: InlinePtr #cards 5 size 8 Array Of Cards #cards 10 size 36 Howl #buckets 4 coarsen threshold 1843 Howl Bitmap #cards 512 size 80 coarsen threshold 460 Card regions per heap region 1 cards per card region 2048
 CPUs: 16 total, 16 available
 Memory: 7913M
 Large Page Support: Disabled
 NUMA Support: Disabled
 Compressed Oops: Enabled (32-bit)
 Heap Region Size: 1M
 Heap Min Capacity: 8M
 Heap Initial Capacity: 124M
 Heap Max Capacity: 1980M
 Pre-touch: Disabled
 Parallel Workers: 13
 Concurrent Workers: 3
 Concurrent Refinement Workers: 13
 Periodic GC: Disabled

Heap:
 garbage-first heap   total reserved 2027520K, committed 74752K, used 46308K [0x0000000084400000, 0x0000000100000000)
  region size 1024K, 28 young (28672K), 3 survivors (3072K)

Heap Regions: E=young(eden), S=young(survivor), O=old, HS=humongous(starts), HC=humongous(continues), CS=collection set, F=free, TAMS=top-at-mark-start, PB=parsable bottom
|   0|0x0000000084400000, 0x0000000084500000, 0x0000000084500000|100%|HS|  |TAMS 0x0000000084400000| PB 0x0000000084400000| Complete |  0
|   1|0x0000000084500000, 0x0000000084600000, 0x0000000084600000|100%| O|  |TAMS 0x0000000084500000| PB 0x0000000084500000| Untracked |  0
|   2|0x0000000084600000, 0x0000000084700000, 0x0000000084700000|100%| O|  |TAMS 0x0000000084600000| PB 0x0000000084600000| Untracked |  0
|   3|0x0000000084700000, 0x0000000084800000, 0x0000000084800000|100%| O|  |TAMS 0x0000000084700000| PB 0x0000000084700000| Untracked |  0
|   4|0x0000000084800000, 0x0000000084900000, 0x0000000084900000|100%| O|  |TAMS 0x0000000084800000| PB 0x0000000084800000| Untracked |  0
|   5|0x0000000084900000, 0x0000000084a00000, 0x0000000084a00000|100%| O|  |TAMS 0x0000000084900000| PB 0x0000000084900000| Untracked |  0
|   6|0x0000000084a00000, 0x0000000084b00000, 0x0000000084b00000|100%| O|  |TAMS 0x0000000084a00000| PB 0x0000000084a00000| Untracked |  0
|   7|0x0000000084b00000, 0x0000000084c00000, 0x0000000084c00000|100%| O|  |TAMS 0x0000000084b00000| PB 0x0000000084b00000| Untracked |  0
|   8|0x0000000084c00000, 0x0000000084d00000, 0x0000000084d00000|100%| O|  |TAMS 0x0000000084c00000| PB 0x0000000084c00000| Untracked |  0
|   9|0x0000000084d00000, 0x0000000084e00000, 0x0000000084e00000|100%| O|  |TAMS 0x0000000084d00000| PB 0x0000000084d00000| Untracked |  0
|  10|0x0000000084e00000, 0x0000000084f00000, 0x0000000084f00000|100%| O|  |TAMS 0x0000000084e00000| PB 0x0000000084e00000| Untracked |  0
|  11|0x0000000084f00000, 0x0000000085000000, 0x0000000085000000|100%| O|  |TAMS 0x0000000084f00000| PB 0x0000000084f00000| Untracked |  0
|  12|0x0000000085000000, 0x0000000085100000, 0x0000000085100000|100%| O|  |TAMS 0x0000000085000000| PB 0x0000000085000000| Untracked |  0
|  13|0x0000000085100000, 0x0000000085200000, 0x0000000085200000|100%| O|  |TAMS 0x0000000085100000| PB 0x0000000085100000| Untracked |  0
|  14|0x0000000085200000, 0x0000000085300000, 0x0000000085300000|100%| O|  |TAMS 0x0000000085200000| PB 0x0000000085200000| Untracked |  0
|  15|0x0000000085300000, 0x0000000085400000, 0x0000000085400000|100%| O|  |TAMS 0x0000000085300000| PB 0x0000000085300000| Untracked |  0
|  16|0x0000000085400000, 0x0000000085500000, 0x0000000085500000|100%| O|  |TAMS 0x0000000085400000| PB 0x0000000085400000| Untracked |  0
|  17|0x0000000085500000, 0x00000000855390f0, 0x0000000085600000| 22%| O|  |TAMS 0x0000000085500000| PB 0x0000000085500000| Untracked |  0
|  18|0x0000000085600000, 0x0000000085600000, 0x0000000085700000|  0%| F|  |TAMS 0x0000000085600000| PB 0x0000000085600000| Untracked |  0
|  19|0x0000000085700000, 0x0000000085700000, 0x0000000085800000|  0%| F|  |TAMS 0x0000000085700000| PB 0x0000000085700000| Untracked |  0
|  20|0x0000000085800000, 0x0000000085800000, 0x0000000085900000|  0%| F|  |TAMS 0x0000000085800000| PB 0x0000000085800000| Untracked |  0
|  21|0x0000000085900000, 0x0000000085900000, 0x0000000085a00000|  0%| F|  |TAMS 0x0000000085900000| PB 0x0000000085900000| Untracked |  0
|  22|0x0000000085a00000, 0x0000000085a00000, 0x0000000085b00000|  0%| F|  |TAMS 0x0000000085a00000| PB 0x0000000085a00000| Untracked |  0
|  23|0x0000000085b00000, 0x0000000085b00000, 0x0000000085c00000|  0%| F|  |TAMS 0x0000000085b00000| PB 0x0000000085b00000| Untracked |  0
|  24|0x0000000085c00000, 0x0000000085c00000, 0x0000000085d00000|  0%| F|  |TAMS 0x0000000085c00000| PB 0x0000000085c00000| Untracked |  0
|  25|0x0000000085d00000, 0x0000000085d00000, 0x0000000085e00000|  0%| F|  |TAMS 0x0000000085d00000| PB 0x0000000085d00000| Untracked |  0
|  26|0x0000000085e00000, 0x0000000085e00000, 0x0000000085f00000|  0%| F|  |TAMS 0x0000000085e00000| PB 0x0000000085e00000| Untracked |  0
|  27|0x0000000085f00000, 0x0000000085f00000, 0x0000000086000000|  0%| F|  |TAMS 0x0000000085f00000| PB 0x0000000085f00000| Untracked |  0
|  28|0x0000000086000000, 0x0000000086000000, 0x0000000086100000|  0%| F|  |TAMS 0x0000000086000000| PB 0x0000000086000000| Untracked |  0
|  29|0x0000000086100000, 0x0000000086100000, 0x0000000086200000|  0%| F|  |TAMS 0x0000000086100000| PB 0x0000000086100000| Untracked |  0
|  30|0x0000000086200000, 0x0000000086200000, 0x0000000086300000|  0%| F|  |TAMS 0x0000000086200000| PB 0x0000000086200000| Untracked |  0
|  31|0x0000000086300000, 0x0000000086400000, 0x0000000086400000|100%| S|CS|TAMS 0x0000000086300000| PB 0x0000000086300000| Complete |  0
|  32|0x0000000086400000, 0x0000000086500000, 0x0000000086500000|100%| S|CS|TAMS 0x0000000086400000| PB 0x0000000086400000| Complete |  0
|  33|0x0000000086500000, 0x0000000086600000, 0x0000000086600000|100%| S|CS|TAMS 0x0000000086500000| PB 0x0000000086500000| Complete |  0
|  34|0x0000000086600000, 0x0000000086600000, 0x0000000086700000|  0%| F|  |TAMS 0x0000000086600000| PB 0x0000000086600000| Untracked |  0
|  35|0x0000000086700000, 0x0000000086700000, 0x0000000086800000|  0%| F|  |TAMS 0x0000000086700000| PB 0x0000000086700000| Untracked |  0
|  36|0x0000000086800000, 0x0000000086800000, 0x0000000086900000|  0%| F|  |TAMS 0x0000000086800000| PB 0x0000000086800000| Untracked |  0
|  37|0x0000000086900000, 0x0000000086900000, 0x0000000086a00000|  0%| F|  |TAMS 0x0000000086900000| PB 0x0000000086900000| Untracked |  0
|  38|0x0000000086a00000, 0x0000000086a00000, 0x0000000086b00000|  0%| F|  |TAMS 0x0000000086a00000| PB 0x0000000086a00000| Untracked |  0
|  39|0x0000000086b00000, 0x0000000086b00000, 0x0000000086c00000|  0%| F|  |TAMS 0x0000000086b00000| PB 0x0000000086b00000| Untracked |  0
|  40|0x0000000086c00000, 0x0000000086c00000, 0x0000000086d00000|  0%| F|  |TAMS 0x0000000086c00000| PB 0x0000000086c00000| Untracked |  0
|  41|0x0000000086d00000, 0x0000000086d00000, 0x0000000086e00000|  0%| F|  |TAMS 0x0000000086d00000| PB 0x0000000086d00000| Untracked |  0
|  42|0x0000000086e00000, 0x0000000086e00000, 0x0000000086f00000|  0%| F|  |TAMS 0x0000000086e00000| PB 0x0000000086e00000| Untracked |  0
|  43|0x0000000086f00000, 0x0000000086f00000, 0x0000000087000000|  0%| F|  |TAMS 0x0000000086f00000| PB 0x0000000086f00000| Untracked |  0
|  44|0x0000000087000000, 0x0000000087000000, 0x0000000087100000|  0%| F|  |TAMS 0x0000000087000000| PB 0x0000000087000000| Untracked |  0
|  45|0x0000000087100000, 0x0000000087100000, 0x0000000087200000|  0%| F|  |TAMS 0x0000000087100000| PB 0x0000000087100000| Untracked |  0
|  46|0x0000000087200000, 0x0000000087200000, 0x0000000087300000|  0%| F|  |TAMS 0x0000000087200000| PB 0x0000000087200000| Untracked |  0
|  47|0x0000000087300000, 0x0000000087347f68, 0x0000000087400000| 28%| E|  |TAMS 0x0000000087300000| PB 0x0000000087300000| Complete |  0
|  48|0x0000000087400000, 0x0000000087500000, 0x0000000087500000|100%| E|CS|TAMS 0x0000000087400000| PB 0x0000000087400000| Complete |  0
|  49|0x0000000087500000, 0x0000000087600000, 0x0000000087600000|100%| E|CS|TAMS 0x0000000087500000| PB 0x0000000087500000| Complete |  0
|  50|0x0000000087600000, 0x0000000087700000, 0x0000000087700000|100%| E|CS|TAMS 0x0000000087600000| PB 0x0000000087600000| Complete |  0
|  51|0x0000000087700000, 0x0000000087800000, 0x0000000087800000|100%| E|CS|TAMS 0x0000000087700000| PB 0x0000000087700000| Complete |  0
|  52|0x0000000087800000, 0x0000000087900000, 0x0000000087900000|100%| E|CS|TAMS 0x0000000087800000| PB 0x0000000087800000| Complete |  0
|  53|0x0000000087900000, 0x0000000087a00000, 0x0000000087a00000|100%| E|CS|TAMS 0x0000000087900000| PB 0x0000000087900000| Complete |  0
|  54|0x0000000087a00000, 0x0000000087b00000, 0x0000000087b00000|100%| E|CS|TAMS 0x0000000087a00000| PB 0x0000000087a00000| Complete |  0
|  55|0x0000000087b00000, 0x0000000087c00000, 0x0000000087c00000|100%| E|CS|TAMS 0x0000000087b00000| PB 0x0000000087b00000| Complete |  0
|  56|0x0000000087c00000, 0x0000000087d00000, 0x0000000087d00000|100%| E|CS|TAMS 0x0000000087c00000| PB 0x0000000087c00000| Complete |  0
|  57|0x0000000087d00000, 0x0000000087e00000, 0x0000000087e00000|100%| E|CS|TAMS 0x0000000087d00000| PB 0x0000000087d00000| Complete |  0
|  58|0x0000000087e00000, 0x0000000087f00000, 0x0000000087f00000|100%| E|CS|TAMS 0x0000000087e00000| PB 0x0000000087e00000| Complete |  0
|  59|0x0000000087f00000, 0x0000000088000000, 0x0000000088000000|100%| E|CS|TAMS 0x0000000087f00000| PB 0x0000000087f00000| Complete |  0
|  60|0x0000000088000000, 0x0000000088100000, 0x0000000088100000|100%| E|CS|TAMS 0x0000000088000000| PB 0x0000000088000000| Complete |  0
|  61|0x0000000088100000, 0x0000000088200000, 0x0000000088200000|100%| E|CS|TAMS 0x0000000088100000| PB 0x0000000088100000| Complete |  0
|  62|0x0000000088200000, 0x0000000088300000, 0x0000000088300000|100%| E|CS|TAMS 0x0000000088200000| PB 0x0000000088200000| Complete |  0
|  63|0x0000000088300000, 0x0000000088400000, 0x0000000088400000|100%| E|CS|TAMS 0x0000000088300000| PB 0x0000000088300000| Complete |  0
|  64|0x0000000088400000, 0x0000000088500000, 0x0000000088500000|100%| E|CS|TAMS 0x0000000088400000| PB 0x0000000088400000| Complete |  0
|  65|0x0000000088500000, 0x0000000088600000, 0x0000000088600000|100%| E|CS|TAMS 0x0000000088500000| PB 0x0000000088500000| Complete |  0
|  66|0x0000000088600000, 0x0000000088700000, 0x0000000088700000|100%| E|CS|TAMS 0x0000000088600000| PB 0x0000000088600000| Complete |  0
|  67|0x0000000088700000, 0x0000000088800000, 0x0000000088800000|100%| E|CS|TAMS 0x0000000088700000| PB 0x0000000088700000| Complete |  0
| 111|0x000000008b300000, 0x000000008b400000, 0x000000008b400000|100%| E|CS|TAMS 0x000000008b300000| PB 0x000000008b300000| Complete |  0
| 112|0x000000008b400000, 0x000000008b500000, 0x000000008b500000|100%| E|CS|TAMS 0x000000008b400000| PB 0x000000008b400000| Complete |  0
| 123|0x000000008bf00000, 0x000000008c000000, 0x000000008c000000|100%| E|CS|TAMS 0x000000008bf00000| PB 0x000000008bf00000| Complete |  0
|1978|0x00000000ffe00000, 0x00000000fff00000, 0x00000000fff00000|100%| O|  |TAMS 0x00000000ffe00000| PB 0x00000000ffe00000| Untracked |  0
|1979|0x00000000fff00000, 0x0000000100000000, 0x0000000100000000|100%| E|CS|TAMS 0x00000000fff00000| PB 0x00000000fff00000| Complete |  0

Card table byte_map: [0x000002377a770000,0x000002377ab50000] _byte_map_base: 0x000002377a34e000

Marking Bits: (CMBitMap*) 0x00000237622e8f10
 Bits: [0x000002377ab50000, 0x000002377ca40000)

Polling page: 0x0000023760110000

Metaspace:
Metaspace        used 26218K, committed 26496K, reserved 1114112K
 class space     used 2489K, committed 2624K, reserved 1048576K

Usage:
  Non-class:     23.17 MB used.
      Class:      2.43 MB used.
       Both:     25.60 MB used.

Virtual space:
  Non-class space:       64.00 MB reserved,      23.31 MB ( 36%) committed,  1 nodes.
      Class space:        1.00 GB reserved,       2.56 MB ( <1%) committed,  1 nodes.
             Both:        1.06 GB reserved,      25.88 MB (  2%) committed. 

Chunk freelists:
   Non-Class:  8.13 MB
       Class:  13.49 MB
        Both:  21.62 MB

MaxMetaspaceSize: unlimited
CompressedClassSpaceSize: 1.00 GB
Initial GC threshold: 21.00 MB
Current GC threshold: 35.12 MB
CDS: on
 - commit_granule_bytes: 65536.
 - commit_granule_words: 8192.
 - virtual_space_node_default_size: 8388608.
 - enlarge_chunks_in_place: 1.
UseCompressedClassPointers 1, UseCompactObjectHeaders 0
Narrow klass pointer bits 32, Max shift 3
Narrow klass base: 0x0000000006000000, Narrow klass shift: 0
Encoding Range: [0x0000000006000000 - 0x0000000106000000), (4294967296 bytes)
Klass Range:    [0x0000000006010000 - 0x0000000047000000), (1090453504 bytes)
Klass ID Range:  [65536 - 1090519033) (1090453497)
Protection zone: [0x0000000006000000 - 0x0000000006010000), (65536 bytes)


Internal statistics:

num_allocs_failed_limit: 3.
num_arena_births: 258.
num_arena_deaths: 0.
num_vsnodes_births: 2.
num_vsnodes_deaths: 0.
num_space_committed: 414.
num_space_uncommitted: 0.
num_chunks_returned_to_freelist: 3.
num_chunks_taken_from_freelist: 976.
num_chunk_merges: 3.
num_chunk_splits: 673.
num_chunks_enlarged: 522.
num_inconsistent_stats: 0.

CodeHeap 'non-profiled nmethods': size=119232Kb used=1922Kb max_used=1922Kb free=117309Kb
 bounds [0x00000237726a0000, 0x0000023772910000, 0x0000023779b10000]
CodeHeap 'profiled nmethods': size=119104Kb used=10006Kb max_used=10006Kb free=109097Kb
 bounds [0x000002376ab10000, 0x000002376b4e0000, 0x0000023771f60000]
CodeHeap 'non-nmethods': size=7424Kb used=1635Kb max_used=2797Kb free=5788Kb
 bounds [0x0000023771f60000, 0x0000023772230000, 0x00000237726a0000]
CodeCache: size=245760Kb, used=13563Kb, max_used=14725Kb, free=232194Kb
 total_blobs=6934, nmethods=6323, adapters=513, full_count=0
Compilation: enabled, stopped_count=0, restarted_count=0

Compilation events (20 events):
Event: 250.126 Thread 0x000002377f79bf80 nmethod 6422 0x000002377287e208 code [0x000002377287e300, 0x000002377287e3a8]
Event: 252.487 Thread 0x000002377f79b360 6423       4       java.nio.ByteBuffer::limit (6 bytes)
Event: 252.499 Thread 0x000002377f79b360 nmethod 6423 0x000002377287e508 code [0x000002377287e600, 0x000002377287e7c8]
Event: 271.875 Thread 0x000002377f79b360 6424       4       java.util.concurrent.locks.AbstractQueuedSynchronizer$ConditionObject::canReacquire (38 bytes)
Event: 272.091 Thread 0x000002377f79b360 nmethod 6424 0x000002377287e808 code [0x000002377287e900, 0x000002377287e9b8]
Event: 278.892 Thread 0x000002377f79b360 6425   !   4       sun.nio.ch.SelectorImpl::processDeregisterQueue (145 bytes)
Event: 278.972 Thread 0x000002377f79b360 nmethod 6425 0x000002377287eb08 code [0x000002377287ec00, 0x000002377287f490]
Event: 284.222 Thread 0x000002377f79b360 6426  s    4       java.io.BufferedOutputStream::flush (12 bytes)
Event: 284.228 Thread 0x000002377f79b360 nmethod 6426 0x000002377287f508 code [0x000002377287f600, 0x000002377287f8f8]
Event: 288.457 Thread 0x000002377f79b360 6427       4       java.util.concurrent.ScheduledThreadPoolExecutor$ScheduledFutureTask::getDelay (16 bytes)
Event: 288.464 Thread 0x000002377f79b360 nmethod 6427 0x000002377287f908 code [0x000002377287fa00, 0x000002377287fb48]
Event: 291.941 Thread 0x000002377f79b360 6428       4       java.util.concurrent.locks.ReentrantLock$Sync::isHeldExclusively (16 bytes)
Event: 291.956 Thread 0x000002377f79b360 nmethod 6428 0x000002377287fc08 code [0x000002377287fd00, 0x000002377287fda8]
Event: 304.674 Thread 0x000002377f79b360 6429   !   4       java.lang.Thread::blockedOn (23 bytes)
Event: 304.697 Thread 0x000002377f79b360 nmethod 6429 0x000002377287ff08 code [0x0000023772880000, 0x0000023772880328]
Event: 315.214 Thread 0x000002377f79b360 6430       4       java.lang.Thread::terminatingThreadLocals (8 bytes)
Event: 315.254 Thread 0x000002377f79b360 nmethod 6430 0x0000023772880388 code [0x0000023772880480, 0x0000023772880510]
Event: 336.770 Thread 0x000002377f79b360 6431   !   4       jdk.internal.net.http.HttpClientImpl::finished (58 bytes)
Event: 336.798 Thread 0x000002377f79b360 nmethod 6431 0x0000023772880688 code [0x0000023772880780, 0x0000023772880880]
Event: 336.895 Thread 0x000002377f79b360 6432   !   4       jdk.internal.net.http.HttpClientImpl::purgeTimeoutsAndReturnNextDeadline (326 bytes)

GC Heap Usage History (10 events):
Event: 2.058 {heap Before GC invocations=0 (full 0):
 garbage-first heap   total reserved 2027520K, committed 129024K, used 50325K [0x0000000084400000, 0x0000000100000000)
  region size 1024K, 47 young (48128K), 0 survivors (0K)
}
Event: 2.069 {heap After GC invocations=1 (full 0):
 garbage-first heap   total reserved 2027520K, committed 129024K, used 9746K [0x0000000084400000, 0x0000000100000000)
  region size 1024K, 6 young (6144K), 6 survivors (6144K)
}
Event: 3.247 {heap Before GC invocations=1 (full 0):
 garbage-first heap   total reserved 2027520K, committed 129024K, used 60946K [0x0000000084400000, 0x0000000100000000)
  region size 1024K, 57 young (58368K), 6 survivors (6144K)
}
Event: 3.263 {heap After GC invocations=2 (full 0):
 garbage-first heap   total reserved 2027520K, committed 129024K, used 18177K [0x0000000084400000, 0x0000000100000000)
  region size 1024K, 8 young (8192K), 8 survivors (8192K)
}
Event: 3.765 {heap Before GC invocations=2 (full 0):
 garbage-first heap   total reserved 2027520K, committed 129024K, used 27393K [0x0000000084400000, 0x0000000100000000)
  region size 1024K, 19 young (19456K), 8 survivors (8192K)
}
Event: 3.777 {heap After GC invocations=3 (full 0):
 garbage-first heap   total reserved 2027520K, committed 129024K, used 19948K [0x0000000084400000, 0x0000000100000000)
  region size 1024K, 2 young (2048K), 2 survivors (2048K)
}
Event: 102.218 {heap Before GC invocations=4 (full 0):
 garbage-first heap   total reserved 2027520K, committed 71680K, used 70124K [0x0000000084400000, 0x0000000100000000)
  region size 1024K, 51 young (52224K), 2 survivors (2048K)
}
Event: 102.300 {heap After GC invocations=5 (full 0):
 garbage-first heap   total reserved 2027520K, committed 74752K, used 21198K [0x0000000084400000, 0x0000000100000000)
  region size 1024K, 3 young (3072K), 3 survivors (3072K)
}
Event: 159.406 {heap Before GC invocations=5 (full 0):
 garbage-first heap   total reserved 2027520K, committed 74752K, used 56014K [0x0000000084400000, 0x0000000100000000)
  region size 1024K, 37 young (37888K), 3 survivors (3072K)
}
Event: 159.447 {heap After GC invocations=6 (full 0):
 garbage-first heap   total reserved 2027520K, committed 74752K, used 21732K [0x0000000084400000, 0x0000000100000000)
  region size 1024K, 3 young (3072K), 3 survivors (3072K)
}

Metaspace Usage History (10 events):
Event: 2.058 {metaspace Before GC invocations=0 (full 0):
 Metaspace       used 11078K, committed 11264K, reserved 1114112K
  class space    used 973K, committed 1088K, reserved 1048576K
}
Event: 2.069 {metaspace After GC invocations=1 (full 0):
 Metaspace       used 11078K, committed 11264K, reserved 1114112K
  class space    used 973K, committed 1088K, reserved 1048576K
}
Event: 3.247 {metaspace Before GC invocations=1 (full 0):
 Metaspace       used 18327K, committed 18496K, reserved 1114112K
  class space    used 1659K, committed 1728K, reserved 1048576K
}
Event: 3.263 {metaspace After GC invocations=2 (full 0):
 Metaspace       used 18327K, committed 18496K, reserved 1114112K
  class space    used 1659K, committed 1728K, reserved 1048576K
}
Event: 3.765 {metaspace Before GC invocations=2 (full 0):
 Metaspace       used 21276K, committed 21504K, reserved 1114112K
  class space    used 1982K, committed 2112K, reserved 1048576K
}
Event: 3.777 {metaspace After GC invocations=3 (full 0):
 Metaspace       used 21276K, committed 21504K, reserved 1114112K
  class space    used 1982K, committed 2112K, reserved 1048576K
}
Event: 102.220 {metaspace Before GC invocations=4 (full 0):
 Metaspace       used 25482K, committed 25728K, reserved 1114112K
  class space    used 2460K, committed 2560K, reserved 1048576K
}
Event: 102.300 {metaspace After GC invocations=5 (full 0):
 Metaspace       used 25482K, committed 25728K, reserved 1114112K
  class space    used 2460K, committed 2560K, reserved 1048576K
}
Event: 159.406 {metaspace Before GC invocations=5 (full 0):
 Metaspace       used 26123K, committed 26432K, reserved 1114112K
  class space    used 2488K, committed 2624K, reserved 1048576K
}
Event: 159.447 {metaspace After GC invocations=6 (full 0):
 Metaspace       used 26123K, committed 26432K, reserved 1114112K
  class space    used 2488K, committed 2624K, reserved 1048576K
}

Dll operation events (10 events):
Event: 0.038 Loaded shared library C:\Program Files\Java\jdk-25\bin\java.dll
Event: 0.154 Loaded shared library C:\Program Files\Java\jdk-25\bin\net.dll
Event: 0.167 Loaded shared library C:\Program Files\Java\jdk-25\bin\nio.dll
Event: 0.194 Loaded shared library C:\Program Files\Java\jdk-25\bin\zip.dll
Event: 0.258 Loaded shared library C:\Program Files\Java\jdk-25\bin\management.dll
Event: 0.263 Loaded shared library C:\Program Files\Java\jdk-25\bin\management_ext.dll
Event: 0.293 Loaded shared library C:\Program Files\Java\jdk-25\bin\jimage.dll
Event: 0.693 Loaded shared library C:\Program Files\Java\jdk-25\bin\verify.dll
Event: 3.116 Loaded shared library C:\Program Files\Java\jdk-25\bin\extnet.dll
Event: 3.333 Loaded shared library C:\Program Files\Java\jdk-25\bin\sunmscapi.dll

Deoptimization events (20 events):
Event: 100.072 Thread 0x000002376228c0d0 DEOPT PACKING pc=0x00000237727ff544 sp=0x000000d7396fd850
Event: 100.072 Thread 0x000002376228c0d0 DEOPT UNPACKING pc=0x0000023772092f82 sp=0x000000d7396fd790 mode 2
Event: 100.080 Thread 0x000002376228c0d0 Uncommon trap: trap_request=0xffffff45 fr.pc=0x00000237727c58f0 relative=0x00000000000001f0
Event: 100.080 Thread 0x000002376228c0d0 Uncommon trap: reason=unstable_if action=reinterpret pc=0x00000237727c58f0 method=jdk.internal.classfile.impl.SplitConstantPool.maybeCloneUtf8Entry(Ljava/lang/classfile/constantpool/Utf8Entry;)Ljdk/internal/classfile/impl/AbstractPoolEntry$Utf8EntryImpl; 
Event: 100.081 Thread 0x000002376228c0d0 DEOPT PACKING pc=0x00000237727c58f0 sp=0x000000d7396fc250
Event: 100.081 Thread 0x000002376228c0d0 DEOPT UNPACKING pc=0x0000023772092f82 sp=0x000000d7396fc1e0 mode 2
Event: 100.243 Thread 0x000002376228c0d0 DEOPT PACKING pc=0x000002376ab60a46 sp=0x000000d7396fd400
Event: 100.243 Thread 0x000002376228c0d0 DEOPT UNPACKING pc=0x0000023771fb12a2 sp=0x000000d7396fc900 mode 0
Event: 117.769 Thread 0x000002376228c0d0 DEOPT PACKING pc=0x000002376aee0932 sp=0x000000d7396fdbb0
Event: 117.770 Thread 0x000002376228c0d0 DEOPT UNPACKING pc=0x0000023771fb12a2 sp=0x000000d7396fd020 mode 0
Event: 135.466 Thread 0x000002376228c0d0 DEOPT PACKING pc=0x000002376b204c89 sp=0x000000d7396fdfa0
Event: 135.466 Thread 0x000002376228c0d0 DEOPT UNPACKING pc=0x0000023771fb12a2 sp=0x000000d7396fd4d0 mode 0
Event: 135.513 Thread 0x000002376228c0d0 DEOPT PACKING pc=0x000002376b204c89 sp=0x000000d7396fdfa0
Event: 135.513 Thread 0x000002376228c0d0 DEOPT UNPACKING pc=0x0000023771fb12a2 sp=0x000000d7396fd4d0 mode 0
Event: 151.971 Thread 0x000002376228c0d0 DEOPT PACKING pc=0x000002376b28da83 sp=0x000000d7396fc3c0
Event: 151.972 Thread 0x000002376228c0d0 DEOPT UNPACKING pc=0x0000023771fb12a2 sp=0x000000d7396fb860 mode 0
Event: 165.614 Thread 0x000002376228c0d0 Uncommon trap: trap_request=0xffffff45 fr.pc=0x000002377279717c relative=0x00000000000006fc
Event: 165.614 Thread 0x000002376228c0d0 Uncommon trap: reason=unstable_if action=reinterpret pc=0x000002377279717c method=sun.security.provider.SHA2.implReset()V @ 8 c2
Event: 165.615 Thread 0x000002376228c0d0 DEOPT PACKING pc=0x000002377279717c sp=0x000000d7396fd420
Event: 165.615 Thread 0x000002376228c0d0 DEOPT UNPACKING pc=0x0000023772092f82 sp=0x000000d7396fd318 mode 2

Classes loaded (20 events):
Event: 10.198 Loading class java/net/URLEncoder
Event: 10.199 Loading class java/net/URLEncoder done
Event: 10.199 Loading class jdk/internal/util/ImmutableBitSetPredicate
Event: 10.200 Loading class jdk/internal/util/ImmutableBitSetPredicate done
Event: 10.200 Loading class jdk/internal/util/ImmutableBitSetPredicate$SmallImmutableBitSetPredicate
Event: 10.200 Loading class jdk/internal/util/ImmutableBitSetPredicate$SmallImmutableBitSetPredicate done
Event: 79.752 Loading class java/lang/CharacterData01
Event: 79.766 Loading class java/lang/CharacterData01 done
Event: 100.004 Loading class java/util/stream/SortedOps$RefSortingSink
Event: 100.013 Loading class java/util/stream/SortedOps$RefSortingSink done
Event: 100.063 Loading class java/lang/ThreadDeath
Event: 100.065 Loading class java/lang/ThreadDeath done
Event: 100.066 Loading class sun/misc/SharedSecrets
Event: 100.066 Loading class sun/misc/SharedSecrets done
Event: 100.068 Loading class java/util/TreeMap$EntrySpliterator
Event: 100.071 Loading class java/util/TreeMap$EntrySpliterator done
Event: 135.335 Loading class java/io/PrintWriter
Event: 135.340 Loading class java/io/PrintWriter done
Event: 151.939 Loading class java/lang/foreign/MemorySegment
Event: 151.965 Loading class java/lang/foreign/MemorySegment done

Classes unloaded (0 events):
No events

Classes redefined (0 events):
No events

Internal exceptions (20 events):
Event: 117.971 Thread 0x00000237053c9530 Exception <a 'java/net/ConnectException'{0x0000000087e213f8}: Connection refused: getsockopt> (0x0000000087e213f8) 
thrown [s\open\src\hotspot\share\prims\jni.cpp, line 534]
Event: 118.001 Thread 0x00000237053c9530 Exception <a 'java/net/ConnectException'{0x0000000087e22c60}: Connection refused: getsockopt> (0x0000000087e22c60) 
thrown [s\open\src\hotspot\share\prims\jni.cpp, line 534]
Event: 135.806 Thread 0x00000237053c9530 Exception <a 'java/net/ConnectException'{0x0000000087e2e9a8}: Connection refused: getsockopt> (0x0000000087e2e9a8) 
thrown [s\open\src\hotspot\share\prims\jni.cpp, line 534]
Event: 135.829 Thread 0x00000237053c9530 Exception <a 'java/net/ConnectException'{0x0000000087e30210}: Connection refused: getsockopt> (0x0000000087e30210) 
thrown [s\open\src\hotspot\share\prims\jni.cpp, line 534]
Event: 135.861 Thread 0x00000237053c9530 Exception <a 'java/net/ConnectException'{0x0000000087e31a78}: Connection refused: getsockopt> (0x0000000087e31a78) 
thrown [s\open\src\hotspot\share\prims\jni.cpp, line 534]
Event: 135.908 Thread 0x00000237053c9530 Exception <a 'java/net/ConnectException'{0x0000000087e332e0}: Connection refused: getsockopt> (0x0000000087e332e0) 
thrown [s\open\src\hotspot\share\prims\jni.cpp, line 534]
Event: 151.816 Thread 0x00000237053c9530 Exception <a 'java/net/ConnectException'{0x0000000086b1f030}: Connection refused: getsockopt> (0x0000000086b1f030) 
thrown [s\open\src\hotspot\share\prims\jni.cpp, line 534]
Event: 151.836 Thread 0x00000237053c9530 Exception <a 'java/net/ConnectException'{0x0000000086b20898}: Connection refused: getsockopt> (0x0000000086b20898) 
thrown [s\open\src\hotspot\share\prims\jni.cpp, line 534]
Event: 151.869 Thread 0x00000237053c9530 Exception <a 'java/net/ConnectException'{0x0000000086b22100}: Connection refused: getsockopt> (0x0000000086b22100) 
thrown [s\open\src\hotspot\share\prims\jni.cpp, line 534]
Event: 159.559 Thread 0x00000237053c9530 Exception <a 'java/net/ConnectException'{0x000000008b398720}: Connection refused: getsockopt> (0x000000008b398720) 
thrown [s\open\src\hotspot\share\prims\jni.cpp, line 534]
Event: 159.581 Thread 0x00000237053c9530 Exception <a 'java/net/ConnectException'{0x000000008b39a268}: Connection refused: getsockopt> (0x000000008b39a268) 
thrown [s\open\src\hotspot\share\prims\jni.cpp, line 534]
Event: 159.611 Thread 0x00000237053c9530 Exception <a 'java/net/ConnectException'{0x000000008b39bad0}: Connection refused: getsockopt> (0x000000008b39bad0) 
thrown [s\open\src\hotspot\share\prims\jni.cpp, line 534]
Event: 165.614 Thread 0x000002376228c0d0 Implicit null exception at 0x0000023772796b4b to 0x0000023772797144
Event: 165.678 Thread 0x00000237053c9530 Exception <a 'java/net/ConnectException'{0x0000000087f92848}: Connection refused: getsockopt> (0x0000000087f92848) 
thrown [s\open\src\hotspot\share\prims\jni.cpp, line 534]
Event: 165.691 Thread 0x00000237053c9530 Exception <a 'java/net/ConnectException'{0x0000000087f940b0}: Connection refused: getsockopt> (0x0000000087f940b0) 
thrown [s\open\src\hotspot\share\prims\jni.cpp, line 534]
Event: 165.725 Thread 0x00000237053c9530 Exception <a 'java/net/ConnectException'{0x0000000087f95b30}: Connection refused: getsockopt> (0x0000000087f95b30) 
thrown [s\open\src\hotspot\share\prims\jni.cpp, line 534]
Event: 171.800 Thread 0x00000237053c9530 Exception <a 'java/net/ConnectException'{0x0000000087fa1a08}: Connection refused: getsockopt> (0x0000000087fa1a08) 
thrown [s\open\src\hotspot\share\prims\jni.cpp, line 534]
Event: 171.837 Thread 0x00000237053c9530 Exception <a 'java/net/ConnectException'{0x0000000087fa3270}: Connection refused: getsockopt> (0x0000000087fa3270) 
thrown [s\open\src\hotspot\share\prims\jni.cpp, line 534]
Event: 171.866 Thread 0x00000237053c9530 Exception <a 'java/net/ConnectException'{0x0000000087fa4ad8}: Connection refused: getsockopt> (0x0000000087fa4ad8) 
thrown [s\open\src\hotspot\share\prims\jni.cpp, line 534]
Event: 171.912 Thread 0x00000237053c9530 Exception <a 'java/net/ConnectException'{0x0000000087fa6340}: Connection refused: getsockopt> (0x0000000087fa6340) 
thrown [s\open\src\hotspot\share\prims\jni.cpp, line 534]

VM Operations (20 events):
Event: 3.796 Executing safepoint VM operation: G1PauseCleanup
Event: 3.800 Executing safepoint VM operation: G1PauseCleanup done
Event: 7.775 Executing non-safepoint VM operation: HandshakeAllThreads (Deoptimize)
Event: 7.775 Executing non-safepoint VM operation: HandshakeAllThreads (Deoptimize) done
Event: 60.063 Executing non-safepoint VM operation: HandshakeAllThreads (HandshakeForDeflation)
Event: 60.066 Executing non-safepoint VM operation: HandshakeAllThreads (HandshakeForDeflation) done
Event: 60.067 Executing non-safepoint VM operation: RendezvousGCThreads
Event: 60.067 Executing non-safepoint VM operation: RendezvousGCThreads done
Event: 102.211 Executing safepoint VM operation: G1CollectForAllocation (G1 Evacuation Pause)
Event: 102.301 Executing safepoint VM operation: G1CollectForAllocation (G1 Evacuation Pause) done
Event: 120.075 Executing non-safepoint VM operation: HandshakeAllThreads (HandshakeForDeflation)
Event: 120.076 Executing non-safepoint VM operation: HandshakeAllThreads (HandshakeForDeflation) done
Event: 120.076 Executing non-safepoint VM operation: RendezvousGCThreads
Event: 120.076 Executing non-safepoint VM operation: RendezvousGCThreads done
Event: 159.403 Executing safepoint VM operation: G1CollectForAllocation (G1 Evacuation Pause)
Event: 159.448 Executing safepoint VM operation: G1CollectForAllocation (G1 Evacuation Pause) done
Event: 180.234 Executing non-safepoint VM operation: HandshakeAllThreads (HandshakeForDeflation)
Event: 180.238 Executing non-safepoint VM operation: HandshakeAllThreads (HandshakeForDeflation) done
Event: 180.238 Executing non-safepoint VM operation: RendezvousGCThreads
Event: 180.238 Executing non-safepoint VM operation: RendezvousGCThreads done

Memory protections (0 events):
No events

Nmethod flushes (0 events):
No events

Events (20 events):
Event: 221.649 Thread 0x000002370490c2c0 Thread exited: 0x000002370490c2c0
Event: 221.649 Thread 0x0000023704906cd0 Thread exited: 0x0000023704906cd0
Event: 221.652 Thread 0x0000023704906500 Thread exited: 0x0000023704906500
Event: 225.559 Thread 0x00000237049093e0 Thread exited: 0x00000237049093e0
Event: 225.567 Thread 0x00000237049074a0 Thread exited: 0x00000237049074a0
Event: 225.568 Thread 0x000002370490da30 Thread exited: 0x000002370490da30
Event: 226.791 Thread 0x0000023704914f60 Thread exited: 0x0000023704914f60
Event: 226.792 Thread 0x00000237057096c0 Thread exited: 0x00000237057096c0
Event: 226.793 Thread 0x0000023704910910 Thread exited: 0x0000023704910910
Event: 232.416 Thread 0x0000023705709e90 Thread exited: 0x0000023705709e90
Event: 232.741 Thread 0x000002370490f970 Thread exited: 0x000002370490f970
Event: 232.741 Thread 0x00000237049110e0 Thread exited: 0x00000237049110e0
Event: 232.936 Thread 0x00000237053c9530 Thread exited: 0x00000237053c9530
Event: 235.240 Thread 0x00000237049a71b0 Thread exited: 0x00000237049a71b0
Event: 235.449 Thread 0x00000237049a2b60 Thread exited: 0x00000237049a2b60
Event: 235.653 Thread 0x00000237049a42d0 Thread exited: 0x00000237049a42d0
Event: 315.288 Thread 0x000002370499ece0 Thread exited: 0x000002370499ece0
Event: 315.293 Thread 0x0000023704f9a420 Thread exited: 0x0000023704f9a420
Event: 315.343 Thread 0x00000237049a0450 Thread exited: 0x00000237049a0450
Event: 315.352 Thread 0x00000237049a13f0 Thread exited: 0x00000237049a13f0


Dynamic libraries:
0x00007ff792a50000 - 0x00007ff792a60000 	C:\Program Files\Java\jdk-25\bin\java.exe
0x00007ffbfca00000 - 0x00007ffbfcc67000 	C:\WINDOWS\SYSTEM32\ntdll.dll
0x00007ffbfb8b0000 - 0x00007ffbfb979000 	C:\WINDOWS\System32\KERNEL32.DLL
0x00007ffbfa230000 - 0x00007ffbfa61f000 	C:\WINDOWS\System32\KERNELBASE.dll
0x00007ffbfa0e0000 - 0x00007ffbfa22b000 	C:\WINDOWS\System32\ucrtbase.dll
0x00007ffbe4bc0000 - 0x00007ffbe4bd7000 	C:\Program Files\Java\jdk-25\bin\jli.dll
0x00007ffbe4fb0000 - 0x00007ffbe4fce000 	C:\Program Files\Java\jdk-25\bin\VCRUNTIME140.dll
0x00007ffbfbce0000 - 0x00007ffbfbea5000 	C:\WINDOWS\System32\USER32.dll
0x00007ffbdf460000 - 0x00007ffbdf6f3000 	C:\WINDOWS\WinSxS\amd64_microsoft.windows.common-controls_6595b64144ccf1df_6.0.26100.7309_none_3e05feeae336a044\COMCTL32.dll
0x00007ffbfa630000 - 0x00007ffbfa657000 	C:\WINDOWS\System32\win32u.dll
0x00007ffbfb560000 - 0x00007ffbfb58b000 	C:\WINDOWS\System32\GDI32.dll
0x00007ffbf9cd0000 - 0x00007ffbf9dfc000 	C:\WINDOWS\System32\gdi32full.dll
0x00007ffbfc910000 - 0x00007ffbfc9b9000 	C:\WINDOWS\System32\msvcrt.dll
0x00007ffbfa030000 - 0x00007ffbfa0d3000 	C:\WINDOWS\System32\msvcp_win.dll
0x00007ffbfb870000 - 0x00007ffbfb8a1000 	C:\WINDOWS\System32\IMM32.DLL
0x00007ffbe5730000 - 0x00007ffbe573c000 	C:\Program Files\Java\jdk-25\bin\vcruntime140_1.dll
0x00007ffbbd780000 - 0x00007ffbbd80d000 	C:\Program Files\Java\jdk-25\bin\msvcp140.dll
0x00007ffb44730000 - 0x00007ffb4558f000 	C:\Program Files\Java\jdk-25\bin\server\jvm.dll
0x00007ffbfac80000 - 0x00007ffbfad34000 	C:\WINDOWS\System32\ADVAPI32.dll
0x00007ffbfc5c0000 - 0x00007ffbfc666000 	C:\WINDOWS\System32\sechost.dll
0x00007ffbfc670000 - 0x00007ffbfc788000 	C:\WINDOWS\System32\RPCRT4.dll
0x00007ffbfbb50000 - 0x00007ffbfbbc4000 	C:\WINDOWS\System32\WS2_32.dll
0x00007ffbf8780000 - 0x00007ffbf87de000 	C:\WINDOWS\SYSTEM32\POWRPROF.dll
0x00007ffbf0370000 - 0x00007ffbf037b000 	C:\WINDOWS\SYSTEM32\VERSION.dll
0x00007ffbed670000 - 0x00007ffbed6a5000 	C:\WINDOWS\SYSTEM32\WINMM.dll
0x00007ffbf8760000 - 0x00007ffbf8774000 	C:\WINDOWS\SYSTEM32\UMPDC.dll
0x00007ffbf8a20000 - 0x00007ffbf8a3b000 	C:\WINDOWS\SYSTEM32\kernel.appcore.dll
0x00007ffbe4bb0000 - 0x00007ffbe4bba000 	C:\Program Files\Java\jdk-25\bin\jimage.dll
0x00007ffbf7210000 - 0x00007ffbf7452000 	C:\WINDOWS\SYSTEM32\DBGHELP.DLL
0x00007ffbfc130000 - 0x00007ffbfc4b6000 	C:\WINDOWS\System32\combase.dll
0x00007ffbfb980000 - 0x00007ffbfba56000 	C:\WINDOWS\System32\OLEAUT32.dll
0x00007ffbddae0000 - 0x00007ffbddb1c000 	C:\WINDOWS\SYSTEM32\dbgcore.DLL
0x00007ffbfa660000 - 0x00007ffbfa705000 	C:\WINDOWS\System32\bcryptPrimitives.dll
0x00007ffbe4ac0000 - 0x00007ffbe4adf000 	C:\Program Files\Java\jdk-25\bin\java.dll
0x00007ffbfbed0000 - 0x00007ffbfc067000 	C:\WINDOWS\System32\ole32.dll
0x00007ffbfad40000 - 0x00007ffbfb493000 	C:\WINDOWS\System32\SHELL32.dll
0x00007ffbf9e00000 - 0x00007ffbf9f6a000 	C:\WINDOWS\System32\wintypes.dll
0x00007ffbf7790000 - 0x00007ffbf7fee000 	C:\WINDOWS\SYSTEM32\windows.storage.dll
0x00007ffbfb770000 - 0x00007ffbfb865000 	C:\WINDOWS\System32\SHCORE.dll
0x00007ffbfb4a0000 - 0x00007ffbfb506000 	C:\WINDOWS\System32\shlwapi.dll
0x00007ffbf9a70000 - 0x00007ffbf9a99000 	C:\WINDOWS\SYSTEM32\profapi.dll
0x00007ffbdcf00000 - 0x00007ffbdcf12000 	C:\Program Files\Java\jdk-25\bin\net.dll
0x00007ffbf8f90000 - 0x00007ffbf8ffb000 	C:\WINDOWS\system32\mswsock.dll
0x00007ffbdcae0000 - 0x00007ffbdcaf6000 	C:\Program Files\Java\jdk-25\bin\nio.dll
0x00007ffbdae20000 - 0x00007ffbdae37000 	C:\Program Files\Java\jdk-25\bin\zip.dll
0x00007ffbdae80000 - 0x00007ffbdae8a000 	C:\Program Files\Java\jdk-25\bin\management.dll
0x00007ffbdae10000 - 0x00007ffbdae1c000 	C:\Program Files\Java\jdk-25\bin\management_ext.dll
0x00007ffbfbcd0000 - 0x00007ffbfbcd8000 	C:\WINDOWS\System32\PSAPI.DLL
0x00007ffbf1be0000 - 0x00007ffbf1bf0000 	C:\Program Files\Java\jdk-25\bin\verify.dll
0x00007ffbf9250000 - 0x00007ffbf926b000 	C:\WINDOWS\SYSTEM32\CRYPTSP.dll
0x00007ffbf8980000 - 0x00007ffbf89ba000 	C:\WINDOWS\system32\rsaenh.dll
0x00007ffbf9040000 - 0x00007ffbf906b000 	C:\WINDOWS\SYSTEM32\USERENV.dll
0x00007ffbf9a40000 - 0x00007ffbf9a6a000 	C:\WINDOWS\SYSTEM32\bcrypt.dll
0x00007ffbf9270000 - 0x00007ffbf927c000 	C:\WINDOWS\SYSTEM32\CRYPTBASE.dll
0x00007ffbf84f0000 - 0x00007ffbf8524000 	C:\WINDOWS\SYSTEM32\IPHLPAPI.DLL
0x00007ffbfc900000 - 0x00007ffbfc90a000 	C:\WINDOWS\System32\NSI.dll
0x00007ffbe2bb0000 - 0x00007ffbe2bb9000 	C:\Program Files\Java\jdk-25\bin\extnet.dll
0x00007ffbf8530000 - 0x00007ffbf865c000 	C:\WINDOWS\SYSTEM32\DNSAPI.dll
0x00007ffbf0380000 - 0x00007ffbf038b000 	C:\Windows\System32\rasadhlp.dll
0x00007ffbf1b30000 - 0x00007ffbf1bb6000 	C:\WINDOWS\System32\fwpuclnt.dll
0x00007ffbe32d0000 - 0x00007ffbe32de000 	C:\Program Files\Java\jdk-25\bin\sunmscapi.dll
0x00007ffbf9b50000 - 0x00007ffbf9cc7000 	C:\WINDOWS\System32\CRYPT32.dll
0x00007ffbf9470000 - 0x00007ffbf94a0000 	C:\WINDOWS\SYSTEM32\ncrypt.dll
0x00007ffbf9420000 - 0x00007ffbf945f000 	C:\WINDOWS\SYSTEM32\NTASN1.dll
0x00007ffb9c8a0000 - 0x00007ffb9c8a8000 	C:\WINDOWS\system32\wshunix.dll

JVMTI agents: none

dbghelp: loaded successfully - version: 4.0.5 - missing functions: none
symbol engine: initialized successfully - sym options: 0x614 - pdb path: .;C:\Program Files\Java\jdk-25\bin;C:\WINDOWS\SYSTEM32;C:\WINDOWS\WinSxS\amd64_microsoft.windows.common-controls_6595b64144ccf1df_6.0.26100.7309_none_3e05feeae336a044;C:\Program Files\Java\jdk-25\bin\server

VM Arguments:
java_command: C:\Users\ASUS\AppData\Local\Temp\surefire2506880522981395088\surefirebooter-20260206203107004_3.jar C:\Users\ASUS\AppData\Local\Temp\surefire2506880522981395088 2026-02-06T20-31-06_789-jvmRun1 surefire-20260206203107004_1tmp surefire_0-20260206203107004_2tmp
java_class_path (initial): C:\Users\ASUS\AppData\Local\Temp\surefire2506880522981395088\surefirebooter-20260206203107004_3.jar
Launcher Type: SUN_STANDARD

[Global flags]
     intx CICompilerCount                          = 12                                        {product} {ergonomic}
     uint ConcGCThreads                            = 3                                         {product} {ergonomic}
     uint G1ConcRefinementThreads                  = 13                                        {product} {ergonomic}
   size_t G1HeapRegionSize                         = 1048576                                   {product} {ergonomic}
   size_t InitialHeapSize                          = 130023424                                 {product} {ergonomic}
   size_t MarkStackSize                            = 4194304                                   {product} {ergonomic}
   size_t MarkStackSizeMax                         = 536870912                                 {product} {ergonomic}
   size_t MaxHeapSize                              = 2076180480                                {product} {ergonomic}
   size_t MaxNewSize                               = 1245708288                                {product} {ergonomic}
   size_t MinHeapDeltaBytes                        = 1048576                                   {product} {ergonomic}
   size_t MinHeapSize                              = 8388608                                   {product} {ergonomic}
    uintx NonNMethodCodeHeapSize                   = 7602176                                {pd product} {ergonomic}
    uintx NonProfiledCodeHeapSize                  = 122093568                              {pd product} {ergonomic}
    uintx ProfiledCodeHeapSize                     = 121962496                              {pd product} {ergonomic}
    uintx ReservedCodeCacheSize                    = 251658240                              {pd product} {ergonomic}
     bool SegmentedCodeCache                       = true                                      {product} {ergonomic}
   size_t SoftMaxHeapSize                          = 2076180480                             {manageable} {ergonomic}
     bool UseCompressedOops                        = true                           {product lp64_product} {ergonomic}
     bool UseG1GC                                  = true                                      {product} {ergonomic}
     bool UseLargePagesIndividualAllocation        = false                                  {pd product} {ergonomic}

Logging:
Log output configuration:
 #0: stdout all=warning uptime,level,tags foldmultilines=false
 #1: stderr all=off uptime,level,tags foldmultilines=false

Release file:
IMPLEMENTOR="Oracle Corporation" 
JAVA_RUNTIME_VERSION="25.0.1+8-LTS-27" 
JAVA_VERSION="25.0.1" 
JAVA_VERSION_DATE="2025-10-21" 
LIBC="default" 
MODULES="java.base java.compiler java.datatransfer java.xml java.prefs java.desktop java.instrument java.logging java.management java.security.sasl java.naming java.rmi java.management.rmi java.net.http java.scripting java.security.jgss java.transaction.xa java.sql java.sql.rowset java.xml.crypto java.se java.smartcardio jdk.accessibility jdk.internal.jvmstat jdk.attach jdk.charsets jdk.internal.opt jdk.zipfs jdk.compiler jdk.crypto.cryptoki jdk.crypto.ec jdk.crypto.mscapi jdk.dynalink jdk.internal.ed jdk.editpad jdk.internal.vm.ci jdk.graal.compiler jdk.graal.compiler.management jdk.hotspot.agent jdk.httpserver jdk.incubator.vector jdk.internal.le jdk.internal.md jdk.jartool jdk.javadoc jdk.jcmd jdk.management jdk.management.agent jdk.jconsole jdk.jdeps jdk.jdwp.agent jdk.jdi jdk.jfr jdk.jlink jdk.jpackage jdk.jshell jdk.jsobject jdk.jstatd jdk.localedata jdk.management.jfr jdk.naming.dns jdk.naming.rmi jdk.net jdk.nio.mapmode jdk.sctp jdk.security.auth jdk.security.jgss jdk.unsupported jdk.unsupported.desktop jdk.xml.dom" 
OS_ARCH="x86_64" 
OS_NAME="Windows" 
SOURCE=".:git:862c85bc42b7 open:git:78770bfaefd2" 

Environment Variables:
PATH=C:\Program Files\Common Files\Oracle\Java\javapath;C:\Windows\system32;C:\Windows;C:\Windows\System32\Wbem;C:\Windows\System32\WindowsPowerShell\v1.0\;C:\Windows\System32\OpenSSH\;C:\Program Files (x86)\NVIDIA Corporation\PhysX\Common;C:\Program Files\NVIDIA Corporation\NVIDIA NvDLISR;C:\WINDOWS\system32;C:\WINDOWS;C:\WINDOWS\System32\Wbem;C:\WINDOWS\System32\WindowsPowerShell\v1.0\;C:\WINDOWS\System32\OpenSSH\;C:\Users\ASUS\Downloads\sonar-scanner-cli-8.0.1.6346-windows-x64\sonar-scanner-8.0.1.6346-windows-x64\bin;C:\Program Files\Git\cmd;C:\Program Files (x86)\Apache\maven\apache-maven-3.9.12\bin;C:\Program Files\nodejs\;C:\Program Files\MySQL\MySQL Shell 8.0\bin\;C:\Users\ASUS\AppData\Local\Microsoft\WindowsApps;C:\Users\ASUS\AppData\Local\PowerToys\;C:\Users\ASUS\AppData\Local\Programs\Microsoft VS Code\bin;C:\Users\ASUS\AppData\Local\Python\bin;C:\Program Files\JetBrains\IntelliJ IDEA 2025.3.2\bin;C:\Users\ASUS\AppData\Roaming\npm;C:\Users\ASUS\AppData\Local\Programs\Antigravity\bin
USERNAME=ASUS
OS=Windows_NT
PROCESSOR_IDENTIFIER=Intel64 Family 6 Model 141 Stepping 1, GenuineIntel
TMP=C:\Users\ASUS\AppData\Local\Temp
TEMP=C:\Users\ASUS\AppData\Local\Temp




Compilation memory statistics disabled.

Periodic native trim disabled

---------------  S Y S T E M  ---------------

OS:
 Windows 11 , 64 bit Build 26100 (10.0.26100.7623)
OS uptime: 1 days 10:50 hours

CPU: total 16 (initial active 16) (8 cores per cpu, 2 threads per core) family 6 model 141 stepping 1 microcode 0x50, cx8, cmov, fxsr, ht, mmx, 3dnowpref, sse, sse2, sse3, ssse3, sse4.1, sse4.2, popcnt, lzcnt, tsc, tscinvbit, avx, avx2, aes, erms, clmul, bmi1, bmi2, adx, avx512f, avx512dq, avx512cd, avx512bw, avx512vl, sha, fma, vzeroupper, avx512_vpopcntdq, avx512_vpclmulqdq, avx512_vaes, avx512_vnni, clflush, clflushopt, clwb, avx512_vbmi2, avx512_vbmi, rdtscp, rdpid, fsrm, gfni, avx512_bitalg, f16c, pku, cet_ibt, cet_ss, avx512_ifma
Processor Information for the first 16 processors :
  Max Mhz: 2304, Current Mhz: 2304, Mhz Limit: 2304

Memory: 4k page, system-wide physical 7913M (212M free)
TotalPageFile size 32489M (AvailPageFile size 6M)
current process WorkingSet (physical memory assigned to process): 19M, peak: 174M
current process commit charge ("private bytes"): 227M, peak: 267M

vm_info: Java HotSpot(TM) 64-Bit Server VM (25.0.1+8-LTS-27) for windows-amd64 JRE (25.0.1+8-LTS-27), built on 2025-09-25T16:41:16Z with unknown MS VC++:1943

END.
